ARM GAS  /var/folders/l9/h8qldwt53m72lnbrwvzh2yp80000gn/T//cczvnJ5B.s 			page 1


   1              		.cpu cortex-m0
   2              		.arch armv6s-m
   3              		.fpu softvfp
   4              		.eabi_attribute 20, 1
   5              		.eabi_attribute 21, 1
   6              		.eabi_attribute 23, 3
   7              		.eabi_attribute 24, 1
   8              		.eabi_attribute 25, 1
   9              		.eabi_attribute 26, 1
  10              		.eabi_attribute 30, 1
  11              		.eabi_attribute 34, 0
  12              		.eabi_attribute 18, 4
  13              		.file	"lcd_stm32f0.c"
  14              		.text
  15              		.section	.text.delay,"ax",%progbits
  16              		.align	1
  17              		.global	delay
  18              		.syntax unified
  19              		.code	16
  20              		.thumb_func
  22              	delay:
  23              		@ args = 0, pretend = 0, frame = 8
  24              		@ frame_needed = 0, uses_anonymous_args = 0
  25              		@ link register save eliminated.
  26 0000 82B0     		sub	sp, sp, #8
  27 0002 4300     		lsls	r3, r0, #1
  28 0004 1818     		adds	r0, r3, r0
  29 0006 0023     		movs	r3, #0
  30 0008 0193     		str	r3, [sp, #4]
  31 000a 04E0     		b	.L2
  32              	.L3:
  33              		.syntax divided
  34              	@ 336 "Core/Src/lcd_stm32f0.c" 1
  35 000c C046     		nop
  36              	@ 0 "" 2
  37              	@ 337 "Core/Src/lcd_stm32f0.c" 1
  38 000e C046     		nop
  39              	@ 0 "" 2
  40              		.thumb
  41              		.syntax unified
  42 0010 019B     		ldr	r3, [sp, #4]
  43 0012 0133     		adds	r3, r3, #1
  44 0014 0193     		str	r3, [sp, #4]
  45              	.L2:
  46 0016 019B     		ldr	r3, [sp, #4]
  47 0018 8342     		cmp	r3, r0
  48 001a F7D3     		bcc	.L3
  49 001c 02B0     		add	sp, sp, #8
  50              		@ sp needed
  51 001e 7047     		bx	lr
  53              		.section	.text.pulse_strobe,"ax",%progbits
  54              		.align	1
  55              		.global	pulse_strobe
  56              		.syntax unified
  57              		.code	16
  58              		.thumb_func
  60              	pulse_strobe:
ARM GAS  /var/folders/l9/h8qldwt53m72lnbrwvzh2yp80000gn/T//cczvnJ5B.s 			page 2


  61              		@ args = 0, pretend = 0, frame = 0
  62              		@ frame_needed = 0, uses_anonymous_args = 0
  63 0000 70B5     		push	{r4, r5, r6, lr}
  64 0002 1420     		movs	r0, #20
  65 0004 FFF7FEFF 		bl	delay
  66 0008 0A4C     		ldr	r4, .L5
  67 000a A369     		ldr	r3, [r4, #24]
  68 000c 8025     		movs	r5, #128
  69 000e 2D02     		lsls	r5, r5, #8
  70 0010 2B43     		orrs	r3, r5
  71 0012 A361     		str	r3, [r4, #24]
  72 0014 1420     		movs	r0, #20
  73 0016 FFF7FEFF 		bl	delay
  74 001a A269     		ldr	r2, [r4, #24]
  75 001c 8023     		movs	r3, #128
  76 001e 1B06     		lsls	r3, r3, #24
  77 0020 1343     		orrs	r3, r2
  78 0022 A361     		str	r3, [r4, #24]
  79 0024 1420     		movs	r0, #20
  80 0026 FFF7FEFF 		bl	delay
  81 002a A369     		ldr	r3, [r4, #24]
  82 002c 1D43     		orrs	r5, r3
  83 002e A561     		str	r5, [r4, #24]
  84              		@ sp needed
  85 0030 70BD     		pop	{r4, r5, r6, pc}
  86              	.L6:
  87 0032 C046     		.align	2
  88              	.L5:
  89 0034 00080048 		.word	1207961600
  91              		.section	.text.lcd_putchar,"ax",%progbits
  92              		.align	1
  93              		.global	lcd_putchar
  94              		.syntax unified
  95              		.code	16
  96              		.thumb_func
  98              	lcd_putchar:
  99              		@ args = 0, pretend = 0, frame = 0
 100              		@ frame_needed = 0, uses_anonymous_args = 0
 101 0000 10B5     		push	{r4, lr}
 102 0002 0400     		movs	r4, r0
 103 0004 454A     		ldr	r2, .L25
 104 0006 9169     		ldr	r1, [r2, #24]
 105 0008 8023     		movs	r3, #128
 106 000a DB01     		lsls	r3, r3, #7
 107 000c 0B43     		orrs	r3, r1
 108 000e 9361     		str	r3, [r2, #24]
 109 0010 43B2     		sxtb	r3, r0
 110 0012 002B     		cmp	r3, #0
 111 0014 46DB     		blt	.L24
 112 0016 9022     		movs	r2, #144
 113 0018 D205     		lsls	r2, r2, #23
 114 001a 9169     		ldr	r1, [r2, #24]
 115 001c 8023     		movs	r3, #128
 116 001e 1B06     		lsls	r3, r3, #24
 117 0020 0B43     		orrs	r3, r1
 118 0022 9361     		str	r3, [r2, #24]
 119              	.L9:
ARM GAS  /var/folders/l9/h8qldwt53m72lnbrwvzh2yp80000gn/T//cczvnJ5B.s 			page 3


 120 0024 6306     		lsls	r3, r4, #25
 121 0026 45D5     		bpl	.L10
 122 0028 9022     		movs	r2, #144
 123 002a D205     		lsls	r2, r2, #23
 124 002c 9169     		ldr	r1, [r2, #24]
 125 002e 8023     		movs	r3, #128
 126 0030 5B01     		lsls	r3, r3, #5
 127 0032 0B43     		orrs	r3, r1
 128 0034 9361     		str	r3, [r2, #24]
 129              	.L11:
 130 0036 A306     		lsls	r3, r4, #26
 131 0038 44D5     		bpl	.L12
 132 003a 394A     		ldr	r2, .L25+4
 133 003c 9169     		ldr	r1, [r2, #24]
 134 003e 8023     		movs	r3, #128
 135 0040 9B00     		lsls	r3, r3, #2
 136 0042 0B43     		orrs	r3, r1
 137 0044 9361     		str	r3, [r2, #24]
 138              	.L13:
 139 0046 E306     		lsls	r3, r4, #27
 140 0048 43D5     		bpl	.L14
 141 004a 354A     		ldr	r2, .L25+4
 142 004c 9169     		ldr	r1, [r2, #24]
 143 004e 8023     		movs	r3, #128
 144 0050 5B00     		lsls	r3, r3, #1
 145 0052 0B43     		orrs	r3, r1
 146 0054 9361     		str	r3, [r2, #24]
 147              	.L15:
 148 0056 FFF7FEFF 		bl	pulse_strobe
 149 005a 2307     		lsls	r3, r4, #28
 150 005c 40D5     		bpl	.L16
 151 005e 9022     		movs	r2, #144
 152 0060 D205     		lsls	r2, r2, #23
 153 0062 9169     		ldr	r1, [r2, #24]
 154 0064 8023     		movs	r3, #128
 155 0066 1B02     		lsls	r3, r3, #8
 156 0068 0B43     		orrs	r3, r1
 157 006a 9361     		str	r3, [r2, #24]
 158              	.L17:
 159 006c 6307     		lsls	r3, r4, #29
 160 006e 3FD5     		bpl	.L18
 161 0070 9022     		movs	r2, #144
 162 0072 D205     		lsls	r2, r2, #23
 163 0074 9169     		ldr	r1, [r2, #24]
 164 0076 8023     		movs	r3, #128
 165 0078 5B01     		lsls	r3, r3, #5
 166 007a 0B43     		orrs	r3, r1
 167 007c 9361     		str	r3, [r2, #24]
 168              	.L19:
 169 007e A307     		lsls	r3, r4, #30
 170 0080 3ED5     		bpl	.L20
 171 0082 274A     		ldr	r2, .L25+4
 172 0084 9169     		ldr	r1, [r2, #24]
 173 0086 8023     		movs	r3, #128
 174 0088 9B00     		lsls	r3, r3, #2
 175 008a 0B43     		orrs	r3, r1
 176 008c 9361     		str	r3, [r2, #24]
ARM GAS  /var/folders/l9/h8qldwt53m72lnbrwvzh2yp80000gn/T//cczvnJ5B.s 			page 4


 177              	.L21:
 178 008e E407     		lsls	r4, r4, #31
 179 0090 3DD5     		bpl	.L22
 180 0092 234A     		ldr	r2, .L25+4
 181 0094 9169     		ldr	r1, [r2, #24]
 182 0096 8023     		movs	r3, #128
 183 0098 5B00     		lsls	r3, r3, #1
 184 009a 0B43     		orrs	r3, r1
 185 009c 9361     		str	r3, [r2, #24]
 186              	.L23:
 187 009e FFF7FEFF 		bl	pulse_strobe
 188              		@ sp needed
 189 00a2 10BD     		pop	{r4, pc}
 190              	.L24:
 191 00a4 9022     		movs	r2, #144
 192 00a6 D205     		lsls	r2, r2, #23
 193 00a8 9169     		ldr	r1, [r2, #24]
 194 00aa 8023     		movs	r3, #128
 195 00ac 1B02     		lsls	r3, r3, #8
 196 00ae 0B43     		orrs	r3, r1
 197 00b0 9361     		str	r3, [r2, #24]
 198 00b2 B7E7     		b	.L9
 199              	.L10:
 200 00b4 9022     		movs	r2, #144
 201 00b6 D205     		lsls	r2, r2, #23
 202 00b8 9169     		ldr	r1, [r2, #24]
 203 00ba 8023     		movs	r3, #128
 204 00bc 5B05     		lsls	r3, r3, #21
 205 00be 0B43     		orrs	r3, r1
 206 00c0 9361     		str	r3, [r2, #24]
 207 00c2 B8E7     		b	.L11
 208              	.L12:
 209 00c4 164A     		ldr	r2, .L25+4
 210 00c6 9169     		ldr	r1, [r2, #24]
 211 00c8 8023     		movs	r3, #128
 212 00ca 9B04     		lsls	r3, r3, #18
 213 00cc 0B43     		orrs	r3, r1
 214 00ce 9361     		str	r3, [r2, #24]
 215 00d0 B9E7     		b	.L13
 216              	.L14:
 217 00d2 134A     		ldr	r2, .L25+4
 218 00d4 9169     		ldr	r1, [r2, #24]
 219 00d6 8023     		movs	r3, #128
 220 00d8 5B04     		lsls	r3, r3, #17
 221 00da 0B43     		orrs	r3, r1
 222 00dc 9361     		str	r3, [r2, #24]
 223 00de BAE7     		b	.L15
 224              	.L16:
 225 00e0 9022     		movs	r2, #144
 226 00e2 D205     		lsls	r2, r2, #23
 227 00e4 9169     		ldr	r1, [r2, #24]
 228 00e6 8023     		movs	r3, #128
 229 00e8 1B06     		lsls	r3, r3, #24
 230 00ea 0B43     		orrs	r3, r1
 231 00ec 9361     		str	r3, [r2, #24]
 232 00ee BDE7     		b	.L17
 233              	.L18:
ARM GAS  /var/folders/l9/h8qldwt53m72lnbrwvzh2yp80000gn/T//cczvnJ5B.s 			page 5


 234 00f0 9022     		movs	r2, #144
 235 00f2 D205     		lsls	r2, r2, #23
 236 00f4 9169     		ldr	r1, [r2, #24]
 237 00f6 8023     		movs	r3, #128
 238 00f8 5B05     		lsls	r3, r3, #21
 239 00fa 0B43     		orrs	r3, r1
 240 00fc 9361     		str	r3, [r2, #24]
 241 00fe BEE7     		b	.L19
 242              	.L20:
 243 0100 074A     		ldr	r2, .L25+4
 244 0102 9169     		ldr	r1, [r2, #24]
 245 0104 8023     		movs	r3, #128
 246 0106 9B04     		lsls	r3, r3, #18
 247 0108 0B43     		orrs	r3, r1
 248 010a 9361     		str	r3, [r2, #24]
 249 010c BFE7     		b	.L21
 250              	.L22:
 251 010e 044A     		ldr	r2, .L25+4
 252 0110 9169     		ldr	r1, [r2, #24]
 253 0112 8023     		movs	r3, #128
 254 0114 5B04     		lsls	r3, r3, #17
 255 0116 0B43     		orrs	r3, r1
 256 0118 9361     		str	r3, [r2, #24]
 257 011a C0E7     		b	.L23
 258              	.L26:
 259              		.align	2
 260              	.L25:
 261 011c 00080048 		.word	1207961600
 262 0120 00040048 		.word	1207960576
 264              		.section	.text.lcd_putstring,"ax",%progbits
 265              		.align	1
 266              		.global	lcd_putstring
 267              		.syntax unified
 268              		.code	16
 269              		.thumb_func
 271              	lcd_putstring:
 272              		@ args = 0, pretend = 0, frame = 0
 273              		@ frame_needed = 0, uses_anonymous_args = 0
 274 0000 70B5     		push	{r4, r5, r6, lr}
 275 0002 0500     		movs	r5, r0
 276 0004 0024     		movs	r4, #0
 277 0006 03E0     		b	.L28
 278              	.L29:
 279 0008 FFF7FEFF 		bl	lcd_putchar
 280 000c 0134     		adds	r4, r4, #1
 281 000e E4B2     		uxtb	r4, r4
 282              	.L28:
 283 0010 285D     		ldrb	r0, [r5, r4]
 284 0012 0028     		cmp	r0, #0
 285 0014 F8D1     		bne	.L29
 286              		@ sp needed
 287 0016 70BD     		pop	{r4, r5, r6, pc}
 289              		.section	.text.lcd_command,"ax",%progbits
 290              		.align	1
 291              		.global	lcd_command
 292              		.syntax unified
 293              		.code	16
ARM GAS  /var/folders/l9/h8qldwt53m72lnbrwvzh2yp80000gn/T//cczvnJ5B.s 			page 6


 294              		.thumb_func
 296              	lcd_command:
 297              		@ args = 0, pretend = 0, frame = 0
 298              		@ frame_needed = 0, uses_anonymous_args = 0
 299 0000 10B5     		push	{r4, lr}
 300 0002 0400     		movs	r4, r0
 301 0004 474A     		ldr	r2, .L48
 302 0006 9169     		ldr	r1, [r2, #24]
 303 0008 8023     		movs	r3, #128
 304 000a DB05     		lsls	r3, r3, #23
 305 000c 0B43     		orrs	r3, r1
 306 000e 9361     		str	r3, [r2, #24]
 307 0010 43B2     		sxtb	r3, r0
 308 0012 002B     		cmp	r3, #0
 309 0014 49DB     		blt	.L47
 310 0016 9022     		movs	r2, #144
 311 0018 D205     		lsls	r2, r2, #23
 312 001a 9169     		ldr	r1, [r2, #24]
 313 001c 8023     		movs	r3, #128
 314 001e 1B06     		lsls	r3, r3, #24
 315 0020 0B43     		orrs	r3, r1
 316 0022 9361     		str	r3, [r2, #24]
 317              	.L32:
 318 0024 6306     		lsls	r3, r4, #25
 319 0026 48D5     		bpl	.L33
 320 0028 9022     		movs	r2, #144
 321 002a D205     		lsls	r2, r2, #23
 322 002c 9169     		ldr	r1, [r2, #24]
 323 002e 8023     		movs	r3, #128
 324 0030 5B01     		lsls	r3, r3, #5
 325 0032 0B43     		orrs	r3, r1
 326 0034 9361     		str	r3, [r2, #24]
 327              	.L34:
 328 0036 A306     		lsls	r3, r4, #26
 329 0038 47D5     		bpl	.L35
 330 003a 3B4A     		ldr	r2, .L48+4
 331 003c 9169     		ldr	r1, [r2, #24]
 332 003e 8023     		movs	r3, #128
 333 0040 9B00     		lsls	r3, r3, #2
 334 0042 0B43     		orrs	r3, r1
 335 0044 9361     		str	r3, [r2, #24]
 336              	.L36:
 337 0046 E306     		lsls	r3, r4, #27
 338 0048 46D5     		bpl	.L37
 339 004a 374A     		ldr	r2, .L48+4
 340 004c 9169     		ldr	r1, [r2, #24]
 341 004e 8023     		movs	r3, #128
 342 0050 5B00     		lsls	r3, r3, #1
 343 0052 0B43     		orrs	r3, r1
 344 0054 9361     		str	r3, [r2, #24]
 345              	.L38:
 346 0056 FFF7FEFF 		bl	pulse_strobe
 347 005a 2307     		lsls	r3, r4, #28
 348 005c 43D5     		bpl	.L39
 349 005e 9022     		movs	r2, #144
 350 0060 D205     		lsls	r2, r2, #23
 351 0062 9169     		ldr	r1, [r2, #24]
ARM GAS  /var/folders/l9/h8qldwt53m72lnbrwvzh2yp80000gn/T//cczvnJ5B.s 			page 7


 352 0064 8023     		movs	r3, #128
 353 0066 1B02     		lsls	r3, r3, #8
 354 0068 0B43     		orrs	r3, r1
 355 006a 9361     		str	r3, [r2, #24]
 356              	.L40:
 357 006c 6307     		lsls	r3, r4, #29
 358 006e 42D5     		bpl	.L41
 359 0070 9022     		movs	r2, #144
 360 0072 D205     		lsls	r2, r2, #23
 361 0074 9169     		ldr	r1, [r2, #24]
 362 0076 8023     		movs	r3, #128
 363 0078 5B01     		lsls	r3, r3, #5
 364 007a 0B43     		orrs	r3, r1
 365 007c 9361     		str	r3, [r2, #24]
 366              	.L42:
 367 007e A307     		lsls	r3, r4, #30
 368 0080 41D5     		bpl	.L43
 369 0082 294A     		ldr	r2, .L48+4
 370 0084 9169     		ldr	r1, [r2, #24]
 371 0086 8023     		movs	r3, #128
 372 0088 9B00     		lsls	r3, r3, #2
 373 008a 0B43     		orrs	r3, r1
 374 008c 9361     		str	r3, [r2, #24]
 375              	.L44:
 376 008e E407     		lsls	r4, r4, #31
 377 0090 40D5     		bpl	.L45
 378 0092 254A     		ldr	r2, .L48+4
 379 0094 9169     		ldr	r1, [r2, #24]
 380 0096 8023     		movs	r3, #128
 381 0098 5B00     		lsls	r3, r3, #1
 382 009a 0B43     		orrs	r3, r1
 383 009c 9361     		str	r3, [r2, #24]
 384              	.L46:
 385 009e FFF7FEFF 		bl	pulse_strobe
 386 00a2 2248     		ldr	r0, .L48+8
 387 00a4 FFF7FEFF 		bl	delay
 388              		@ sp needed
 389 00a8 10BD     		pop	{r4, pc}
 390              	.L47:
 391 00aa 9022     		movs	r2, #144
 392 00ac D205     		lsls	r2, r2, #23
 393 00ae 9169     		ldr	r1, [r2, #24]
 394 00b0 8023     		movs	r3, #128
 395 00b2 1B02     		lsls	r3, r3, #8
 396 00b4 0B43     		orrs	r3, r1
 397 00b6 9361     		str	r3, [r2, #24]
 398 00b8 B4E7     		b	.L32
 399              	.L33:
 400 00ba 9022     		movs	r2, #144
 401 00bc D205     		lsls	r2, r2, #23
 402 00be 9169     		ldr	r1, [r2, #24]
 403 00c0 8023     		movs	r3, #128
 404 00c2 5B05     		lsls	r3, r3, #21
 405 00c4 0B43     		orrs	r3, r1
 406 00c6 9361     		str	r3, [r2, #24]
 407 00c8 B5E7     		b	.L34
 408              	.L35:
ARM GAS  /var/folders/l9/h8qldwt53m72lnbrwvzh2yp80000gn/T//cczvnJ5B.s 			page 8


 409 00ca 174A     		ldr	r2, .L48+4
 410 00cc 9169     		ldr	r1, [r2, #24]
 411 00ce 8023     		movs	r3, #128
 412 00d0 9B04     		lsls	r3, r3, #18
 413 00d2 0B43     		orrs	r3, r1
 414 00d4 9361     		str	r3, [r2, #24]
 415 00d6 B6E7     		b	.L36
 416              	.L37:
 417 00d8 134A     		ldr	r2, .L48+4
 418 00da 9169     		ldr	r1, [r2, #24]
 419 00dc 8023     		movs	r3, #128
 420 00de 5B04     		lsls	r3, r3, #17
 421 00e0 0B43     		orrs	r3, r1
 422 00e2 9361     		str	r3, [r2, #24]
 423 00e4 B7E7     		b	.L38
 424              	.L39:
 425 00e6 9022     		movs	r2, #144
 426 00e8 D205     		lsls	r2, r2, #23
 427 00ea 9169     		ldr	r1, [r2, #24]
 428 00ec 8023     		movs	r3, #128
 429 00ee 1B06     		lsls	r3, r3, #24
 430 00f0 0B43     		orrs	r3, r1
 431 00f2 9361     		str	r3, [r2, #24]
 432 00f4 BAE7     		b	.L40
 433              	.L41:
 434 00f6 9022     		movs	r2, #144
 435 00f8 D205     		lsls	r2, r2, #23
 436 00fa 9169     		ldr	r1, [r2, #24]
 437 00fc 8023     		movs	r3, #128
 438 00fe 5B05     		lsls	r3, r3, #21
 439 0100 0B43     		orrs	r3, r1
 440 0102 9361     		str	r3, [r2, #24]
 441 0104 BBE7     		b	.L42
 442              	.L43:
 443 0106 084A     		ldr	r2, .L48+4
 444 0108 9169     		ldr	r1, [r2, #24]
 445 010a 8023     		movs	r3, #128
 446 010c 9B04     		lsls	r3, r3, #18
 447 010e 0B43     		orrs	r3, r1
 448 0110 9361     		str	r3, [r2, #24]
 449 0112 BCE7     		b	.L44
 450              	.L45:
 451 0114 044A     		ldr	r2, .L48+4
 452 0116 9169     		ldr	r1, [r2, #24]
 453 0118 8023     		movs	r3, #128
 454 011a 5B04     		lsls	r3, r3, #17
 455 011c 0B43     		orrs	r3, r1
 456 011e 9361     		str	r3, [r2, #24]
 457 0120 BDE7     		b	.L46
 458              	.L49:
 459 0122 C046     		.align	2
 460              	.L48:
 461 0124 00080048 		.word	1207961600
 462 0128 00040048 		.word	1207960576
 463 012c B80B0000 		.word	3000
 465              		.section	.text.init_LCD,"ax",%progbits
 466              		.align	1
ARM GAS  /var/folders/l9/h8qldwt53m72lnbrwvzh2yp80000gn/T//cczvnJ5B.s 			page 9


 467              		.global	init_LCD
 468              		.syntax unified
 469              		.code	16
 470              		.thumb_func
 472              	init_LCD:
 473              		@ args = 0, pretend = 0, frame = 0
 474              		@ frame_needed = 0, uses_anonymous_args = 0
 475 0000 10B5     		push	{r4, lr}
 476 0002 1B4B     		ldr	r3, .L51
 477 0004 5969     		ldr	r1, [r3, #20]
 478 0006 8022     		movs	r2, #128
 479 0008 9202     		lsls	r2, r2, #10
 480 000a 0A43     		orrs	r2, r1
 481 000c 5A61     		str	r2, [r3, #20]
 482 000e 5969     		ldr	r1, [r3, #20]
 483 0010 8022     		movs	r2, #128
 484 0012 D202     		lsls	r2, r2, #11
 485 0014 0A43     		orrs	r2, r1
 486 0016 5A61     		str	r2, [r3, #20]
 487 0018 5969     		ldr	r1, [r3, #20]
 488 001a 8022     		movs	r2, #128
 489 001c 1203     		lsls	r2, r2, #12
 490 001e 0A43     		orrs	r2, r1
 491 0020 5A61     		str	r2, [r3, #20]
 492 0022 9022     		movs	r2, #144
 493 0024 D205     		lsls	r2, r2, #23
 494 0026 1168     		ldr	r1, [r2]
 495 0028 8223     		movs	r3, #130
 496 002a DB05     		lsls	r3, r3, #23
 497 002c 0B43     		orrs	r3, r1
 498 002e 1360     		str	r3, [r2]
 499 0030 104A     		ldr	r2, .L51+4
 500 0032 1168     		ldr	r1, [r2]
 501 0034 A023     		movs	r3, #160
 502 0036 DB02     		lsls	r3, r3, #11
 503 0038 0B43     		orrs	r3, r1
 504 003a 1360     		str	r3, [r2]
 505 003c 0E4A     		ldr	r2, .L51+8
 506 003e 1168     		ldr	r1, [r2]
 507 0040 A023     		movs	r3, #160
 508 0042 DB05     		lsls	r3, r3, #23
 509 0044 0B43     		orrs	r3, r1
 510 0046 1360     		str	r3, [r2]
 511 0048 0C48     		ldr	r0, .L51+12
 512 004a FFF7FEFF 		bl	delay
 513 004e 3320     		movs	r0, #51
 514 0050 FFF7FEFF 		bl	lcd_command
 515 0054 3220     		movs	r0, #50
 516 0056 FFF7FEFF 		bl	lcd_command
 517 005a 0C20     		movs	r0, #12
 518 005c FFF7FEFF 		bl	lcd_command
 519 0060 2820     		movs	r0, #40
 520 0062 FFF7FEFF 		bl	lcd_command
 521 0066 0120     		movs	r0, #1
 522 0068 FFF7FEFF 		bl	lcd_command
 523              		@ sp needed
 524 006c 10BD     		pop	{r4, pc}
ARM GAS  /var/folders/l9/h8qldwt53m72lnbrwvzh2yp80000gn/T//cczvnJ5B.s 			page 10


 525              	.L52:
 526 006e C046     		.align	2
 527              	.L51:
 528 0070 00100240 		.word	1073876992
 529 0074 00040048 		.word	1207960576
 530 0078 00080048 		.word	1207961600
 531 007c 30750000 		.word	30000
 533              		.ident	"GCC: (xPack GNU Arm Embedded GCC arm64) 14.2.1 20241119"
ARM GAS  /var/folders/l9/h8qldwt53m72lnbrwvzh2yp80000gn/T//cczvnJ5B.s 			page 11


DEFINED SYMBOLS
                            *ABS*:00000000 lcd_stm32f0.c
/var/folders/l9/h8qldwt53m72lnbrwvzh2yp80000gn/T//cczvnJ5B.s:16     .text.delay:00000000 $t
/var/folders/l9/h8qldwt53m72lnbrwvzh2yp80000gn/T//cczvnJ5B.s:22     .text.delay:00000000 delay
/var/folders/l9/h8qldwt53m72lnbrwvzh2yp80000gn/T//cczvnJ5B.s:54     .text.pulse_strobe:00000000 $t
/var/folders/l9/h8qldwt53m72lnbrwvzh2yp80000gn/T//cczvnJ5B.s:60     .text.pulse_strobe:00000000 pulse_strobe
/var/folders/l9/h8qldwt53m72lnbrwvzh2yp80000gn/T//cczvnJ5B.s:89     .text.pulse_strobe:00000034 $d
/var/folders/l9/h8qldwt53m72lnbrwvzh2yp80000gn/T//cczvnJ5B.s:92     .text.lcd_putchar:00000000 $t
/var/folders/l9/h8qldwt53m72lnbrwvzh2yp80000gn/T//cczvnJ5B.s:98     .text.lcd_putchar:00000000 lcd_putchar
/var/folders/l9/h8qldwt53m72lnbrwvzh2yp80000gn/T//cczvnJ5B.s:261    .text.lcd_putchar:0000011c $d
/var/folders/l9/h8qldwt53m72lnbrwvzh2yp80000gn/T//cczvnJ5B.s:265    .text.lcd_putstring:00000000 $t
/var/folders/l9/h8qldwt53m72lnbrwvzh2yp80000gn/T//cczvnJ5B.s:271    .text.lcd_putstring:00000000 lcd_putstring
/var/folders/l9/h8qldwt53m72lnbrwvzh2yp80000gn/T//cczvnJ5B.s:290    .text.lcd_command:00000000 $t
/var/folders/l9/h8qldwt53m72lnbrwvzh2yp80000gn/T//cczvnJ5B.s:296    .text.lcd_command:00000000 lcd_command
/var/folders/l9/h8qldwt53m72lnbrwvzh2yp80000gn/T//cczvnJ5B.s:461    .text.lcd_command:00000124 $d
/var/folders/l9/h8qldwt53m72lnbrwvzh2yp80000gn/T//cczvnJ5B.s:466    .text.init_LCD:00000000 $t
/var/folders/l9/h8qldwt53m72lnbrwvzh2yp80000gn/T//cczvnJ5B.s:472    .text.init_LCD:00000000 init_LCD
/var/folders/l9/h8qldwt53m72lnbrwvzh2yp80000gn/T//cczvnJ5B.s:528    .text.init_LCD:00000070 $d

NO UNDEFINED SYMBOLS
